<?xml version="1.0" encoding="UTF-8"?>
<testsuite xmlns:xsi="http://www.w3.org/2001/XMLSchema-instance" xsi:noNamespaceSchemaLocation="https://maven.apache.org/surefire/maven-surefire-plugin/xsd/surefire-test-report.xsd" name="MyTest" time="0.039" tests="5" errors="1" skipped="0" failures="0">
  <properties>
[...]
</properties>
  <testcase name="checkTieLastMove" classname="MyTest" time="0.026"/>
  <testcase name="checkTieFirstMove" classname="MyTest" time="0"/>
  <testcase name="checkTiePastBoardSize" classname="MyTest" time="0.001"/>
  <testcase name="checkTieFullGame" classname="MyTest" time="0.001"/>
  <testcase name="checkWinStart" classname="MyTest" time="0.008">
    <error message="Cannot read field &quot;player&quot; because &quot;this.boardArr[i][j]&quot; is null" type="java.lang.NullPointerException">java.lang.NullPointerException: Cannot read field "player" because "this.boardArr[i][j]" is null
	at MyTest.checkWinStart(MyTest.java:56)
</error>
  </testcase>
</testsuite>